<?xml version="1.0" encoding="UTF-8"?>
<!-- Generated by org.testng.reporters.JUnitReportReporter -->
<testsuite skipped="0" hostname="all-PC" name="com.mani.selenium.sample2" tests="1" failures="0" timestamp="12 Sep 2018 08:41:02 GMT" time="14.939" errors="0">
  <testcase name="start" time="14.939" classname="com.mani.selenium.sample2"/>
</testsuite> <!-- com.mani.selenium.sample2 -->
