<?xml version="1.0" encoding="UTF-8"?>
<!-- Generated by org.testng.reporters.JUnitReportReporter -->
<testsuite skipped="0" hostname="all-PC" name="com.mani.selenium.sample1" tests="1" failures="0" timestamp="12 Sep 2018 08:41:02 GMT" time="21.044" errors="0">
  <testcase name="start" time="21.044" classname="com.mani.selenium.sample1"/>
</testsuite> <!-- com.mani.selenium.sample1 -->
