<?xml version="1.0" encoding="UTF-8"?>
<!-- Generated by org.testng.reporters.JUnitReportReporter -->
<testsuite skipped="0" hostname="all-PC" name="com.mani.selenium.Sample" tests="1" failures="0" timestamp="12 Sep 2018 08:41:02 GMT" time="14.934" errors="0">
  <testcase name="start1" time="14.934" classname="com.mani.selenium.Sample"/>
</testsuite> <!-- com.mani.selenium.Sample -->
